<?xml version="1.0" encoding="UTF-8"?>
<testng-results skipped="0" failed="0" ignored="0" total="2" passed="2">
  <reporter-output>
  </reporter-output>
  <suite name="Default suite" duration-ms="41896" started-at="2019-02-09T09:39:46Z" finished-at="2019-02-09T09:40:28Z">
    <groups>
    </groups>
    <test name="Default test" duration-ms="41896" started-at="2019-02-09T09:39:46Z" finished-at="2019-02-09T09:40:28Z">
      <class name="com.crmpro.TestCase.HelpPageTest">
        <test-method status="PASS" signature="setUp()[pri:0, instance:com.crmpro.TestCase.HelpPageTest@4b9e13df]" name="setUp" is-config="true" duration-ms="16924" started-at="2019-02-09T09:39:46Z" finished-at="2019-02-09T09:40:03Z">
          <reporter-output>
          </reporter-output>
        </test-method> <!-- setUp -->
        <test-method status="PASS" signature="getLink()[pri:0, instance:com.crmpro.TestCase.HelpPageTest@4b9e13df]" name="getLink" duration-ms="7571" started-at="2019-02-09T09:40:03Z" finished-at="2019-02-09T09:40:10Z">
          <reporter-output>
          </reporter-output>
        </test-method> <!-- getLink -->
        <test-method status="PASS" signature="closeDown()[pri:0, instance:com.crmpro.TestCase.HelpPageTest@4b9e13df]" name="closeDown" is-config="true" duration-ms="923" started-at="2019-02-09T09:40:10Z" finished-at="2019-02-09T09:40:11Z">
          <reporter-output>
          </reporter-output>
        </test-method> <!-- closeDown -->
        <test-method status="PASS" signature="setUp()[pri:0, instance:com.crmpro.TestCase.HelpPageTest@4b9e13df]" name="setUp" is-config="true" duration-ms="13140" started-at="2019-02-09T09:40:11Z" finished-at="2019-02-09T09:40:25Z">
          <reporter-output>
          </reporter-output>
        </test-method> <!-- setUp -->
        <test-method status="PASS" signature="verifyHelpLink()[pri:0, instance:com.crmpro.TestCase.HelpPageTest@4b9e13df]" name="verifyHelpLink" duration-ms="2372" started-at="2019-02-09T09:40:25Z" finished-at="2019-02-09T09:40:27Z">
          <reporter-output>
          </reporter-output>
        </test-method> <!-- verifyHelpLink -->
        <test-method status="PASS" signature="closeDown()[pri:0, instance:com.crmpro.TestCase.HelpPageTest@4b9e13df]" name="closeDown" is-config="true" duration-ms="901" started-at="2019-02-09T09:40:27Z" finished-at="2019-02-09T09:40:28Z">
          <reporter-output>
          </reporter-output>
        </test-method> <!-- closeDown -->
      </class> <!-- com.crmpro.TestCase.HelpPageTest -->
    </test> <!-- Default test -->
  </suite> <!-- Default suite -->
</testng-results>
