<?xml version="1.0" encoding="UTF-8"?>
<testng-results skipped="0" failed="1" ignored="0" total="4" passed="3">
  <reporter-output>
  </reporter-output>
  <suite name="Default suite" duration-ms="93670" started-at="2019-01-31T10:28:24Z" finished-at="2019-01-31T10:29:58Z">
    <groups>
    </groups>
    <test name="Default test" duration-ms="93670" started-at="2019-01-31T10:28:24Z" finished-at="2019-01-31T10:29:58Z">
      <class name="com.crmpro.TestCase.HomePageTest">
        <test-method status="PASS" signature="setUp()[pri:0, instance:com.crmpro.TestCase.HomePageTest@8bd1b6a]" name="setUp" is-config="true" duration-ms="16506" started-at="2019-01-31T10:28:24Z" finished-at="2019-01-31T10:28:41Z">
          <reporter-output>
          </reporter-output>
        </test-method> <!-- setUp -->
        <test-method status="FAIL" signature="printAllLink()[pri:0, instance:com.crmpro.TestCase.HomePageTest@8bd1b6a]" name="printAllLink" duration-ms="61862" started-at="2019-01-31T10:28:41Z" finished-at="2019-01-31T10:29:43Z">
          <exception class="java.net.UnknownHostException">
            <message>
              <![CDATA[%20%3Ca%20href%3D]]>
            </message>
            <full-stacktrace>
              <![CDATA[java.net.UnknownHostException: %20%3Ca%20href%3D
at java.net.AbstractPlainSocketImpl.connect(Unknown Source)
at java.net.PlainSocketImpl.connect(Unknown Source)
at java.net.SocksSocketImpl.connect(Unknown Source)
at java.net.Socket.connect(Unknown Source)
at java.net.Socket.connect(Unknown Source)
at sun.net.NetworkClient.doConnect(Unknown Source)
at sun.net.www.http.HttpClient.openServer(Unknown Source)
at sun.net.www.http.HttpClient.openServer(Unknown Source)
at sun.net.www.http.HttpClient.<init>(Unknown Source)
at sun.net.www.http.HttpClient.New(Unknown Source)
at sun.net.www.http.HttpClient.New(Unknown Source)
at sun.net.www.protocol.http.HttpURLConnection.getNewHttpClient(Unknown Source)
at sun.net.www.protocol.http.HttpURLConnection.plainConnect0(Unknown Source)
at sun.net.www.protocol.http.HttpURLConnection.plainConnect(Unknown Source)
at sun.net.www.protocol.http.HttpURLConnection.connect(Unknown Source)
at com.crmpro.utils.CommonAction.check_Link_connection(CommonAction.java:41)
at com.cempro.pages.HomePage.allLink(HomePage.java:81)
at com.crmpro.TestCase.HomePageTest.printAllLink(HomePageTest.java:44)
at sun.reflect.NativeMethodAccessorImpl.invoke0(Native Method)
at sun.reflect.NativeMethodAccessorImpl.invoke(Unknown Source)
at sun.reflect.DelegatingMethodAccessorImpl.invoke(Unknown Source)
at java.lang.reflect.Method.invoke(Unknown Source)
at org.testng.internal.MethodInvocationHelper.invokeMethod(MethodInvocationHelper.java:124)
at org.testng.internal.Invoker.invokeMethod(Invoker.java:580)
at org.testng.internal.Invoker.invokeTestMethod(Invoker.java:716)
at org.testng.internal.Invoker.invokeTestMethods(Invoker.java:988)
at org.testng.internal.TestMethodWorker.invokeTestMethods(TestMethodWorker.java:125)
at org.testng.internal.TestMethodWorker.run(TestMethodWorker.java:109)
at org.testng.TestRunner.privateRun(TestRunner.java:648)
at org.testng.TestRunner.run(TestRunner.java:505)
at org.testng.SuiteRunner.runTest(SuiteRunner.java:455)
at org.testng.SuiteRunner.runSequentially(SuiteRunner.java:450)
at org.testng.SuiteRunner.privateRun(SuiteRunner.java:415)
at org.testng.SuiteRunner.run(SuiteRunner.java:364)
at org.testng.SuiteRunnerWorker.runSuite(SuiteRunnerWorker.java:52)
at org.testng.SuiteRunnerWorker.run(SuiteRunnerWorker.java:84)
at org.testng.TestNG.runSuitesSequentially(TestNG.java:1208)
at org.testng.TestNG.runSuitesLocally(TestNG.java:1137)
at org.testng.TestNG.runSuites(TestNG.java:1049)
at org.testng.TestNG.run(TestNG.java:1017)
at org.testng.remote.AbstractRemoteTestNG.run(AbstractRemoteTestNG.java:114)
at org.testng.remote.RemoteTestNG.initAndRun(RemoteTestNG.java:251)
at org.testng.remote.RemoteTestNG.main(RemoteTestNG.java:77)
]]>
            </full-stacktrace>
          </exception> <!-- java.net.UnknownHostException -->
          <reporter-output>
          </reporter-output>
        </test-method> <!-- printAllLink -->
        <test-method status="PASS" signature="varifyContactLink()[pri:0, instance:com.crmpro.TestCase.HomePageTest@8bd1b6a]" name="varifyContactLink" duration-ms="3458" started-at="2019-01-31T10:29:43Z" finished-at="2019-01-31T10:29:46Z">
          <reporter-output>
          </reporter-output>
        </test-method> <!-- varifyContactLink -->
        <test-method status="PASS" signature="varifyLogout()[pri:0, instance:com.crmpro.TestCase.HomePageTest@8bd1b6a]" name="varifyLogout" duration-ms="1602" started-at="2019-01-31T10:29:46Z" finished-at="2019-01-31T10:29:48Z">
          <reporter-output>
          </reporter-output>
        </test-method> <!-- varifyLogout -->
        <test-method status="PASS" signature="varifyTable()[pri:0, instance:com.crmpro.TestCase.HomePageTest@8bd1b6a]" name="varifyTable" duration-ms="10059" started-at="2019-01-31T10:29:48Z" finished-at="2019-01-31T10:29:58Z">
          <reporter-output>
          </reporter-output>
        </test-method> <!-- varifyTable -->
        <test-method status="PASS" signature="closeDown()[pri:0, instance:com.crmpro.TestCase.HomePageTest@8bd1b6a]" name="closeDown" is-config="true" duration-ms="126" started-at="2019-01-31T10:29:58Z" finished-at="2019-01-31T10:29:58Z">
          <reporter-output>
          </reporter-output>
        </test-method> <!-- closeDown -->
      </class> <!-- com.crmpro.TestCase.HomePageTest -->
    </test> <!-- Default test -->
  </suite> <!-- Default suite -->
</testng-results>
