<?xml version="1.0" encoding="UTF-8"?>
<!-- Generated by org.testng.reporters.JUnitXMLReporter -->
<testsuite hostname="DESKTOP-15D6S6Q" ignored="0" name="Default test" tests="4" failures="0" timestamp="08 Feb 2019 21:26:33 GMT" time="80.142" errors="0">
  <testcase name="printAllLink" time="9.056" classname="com.crmpro.TestCase.HomePageTest"/>
  <testcase name="varifyContactLink" time="1.727" classname="com.crmpro.TestCase.HomePageTest"/>
  <testcase name="varifyLogout" time="2.351" classname="com.crmpro.TestCase.HomePageTest"/>
  <testcase name="varifyTable" time="0.979" classname="com.crmpro.TestCase.HomePageTest"/>
</testsuite> <!-- Default test -->
